<?xml version="1.0" encoding="UTF-8"?>
<!-- Generated by org.testng.reporters.JUnitXMLReporter -->
<testsuite ignored="0" hostname="DESKTOP-H258E1F" failures="2" tests="2" name="Test" time="47.755" errors="0" timestamp="2021-09-13T14:48:15 IST">
  <testcase classname="com.appium.VerifyProductAvailableInCart" name="verifyCart" time="47.674">
    <failure type="org.openqa.selenium.StaleElementReferenceException" message="androidx.test.uiautomator.StaleObjectException (WARNING: The server did not provide any stacktrace information)
Command duration or timeout: 608 milliseconds
For documentation on this error, please visit: http://seleniumhq.org/exceptions/stale_element_reference.html
Build info: version: &amp;apos;2.53.1&amp;apos;, revision: &amp;apos;a36b8b1cd5757287168e54b817830adce9b0158d&amp;apos;, time: &amp;apos;2016-06-30 19:26:09&amp;apos;
System info: host: &amp;apos;DESKTOP-H258E1F&amp;apos;, ip: &amp;apos;127.0.0.1&amp;apos;, os.name: &amp;apos;Windows 10&amp;apos;, os.arch: &amp;apos;amd64&amp;apos;, os.version: &amp;apos;10.0&amp;apos;, java.version: &amp;apos;16.0.1&amp;apos;
Driver info: io.appium.java_client.android.AndroidDriver
Capabilities [{appPackage=com.androidsample.generalstore, statBarHeight=95, noReset=true, viewportRect={top=95, left=0, width=1080, height=2080}, deviceName=db4cf023, UDID=db4cf023, platform=LINUX, deviceUDID=db4cf023, desired={appPackage=com.androidsample.generalstore, appActivity=.SplashActivity, noReset=true, platformVersion=10, automationName=appium, platformName=Android, deviceName=POCO X2, UDID=db4cf023}, platformVersion=10, webStorageEnabled=false, automationName=appium, takesScreenshot=true, javascriptEnabled=true, platformName=Android, deviceApiLevel=29, deviceManufacturer=Xiaomi, deviceScreenSize=1080x2400, networkConnectionEnabled=true, warnings={}, databaseEnabled=false, appActivity=.SplashActivity, pixelRatio=2.75, locationContextEnabled=false, deviceScreenDensity=440, deviceModel=POCO X2}]
Session ID: c8925c5e-a6ac-4f67-9b51-724b7b78d2f9">
      <![CDATA[org.openqa.selenium.StaleElementReferenceException: androidx.test.uiautomator.StaleObjectException (WARNING: The server did not provide any stacktrace information)
Command duration or timeout: 608 milliseconds
For documentation on this error, please visit: http://seleniumhq.org/exceptions/stale_element_reference.html
Build info: version: '2.53.1', revision: 'a36b8b1cd5757287168e54b817830adce9b0158d', time: '2016-06-30 19:26:09'
System info: host: 'DESKTOP-H258E1F', ip: '127.0.0.1', os.name: 'Windows 10', os.arch: 'amd64', os.version: '10.0', java.version: '16.0.1'
Driver info: io.appium.java_client.android.AndroidDriver
Capabilities [{appPackage=com.androidsample.generalstore, statBarHeight=95, noReset=true, viewportRect={top=95, left=0, width=1080, height=2080}, deviceName=db4cf023, UDID=db4cf023, platform=LINUX, deviceUDID=db4cf023, desired={appPackage=com.androidsample.generalstore, appActivity=.SplashActivity, noReset=true, platformVersion=10, automationName=appium, platformName=Android, deviceName=POCO X2, UDID=db4cf023}, platformVersion=10, webStorageEnabled=false, automationName=appium, takesScreenshot=true, javascriptEnabled=true, platformName=Android, deviceApiLevel=29, deviceManufacturer=Xiaomi, deviceScreenSize=1080x2400, networkConnectionEnabled=true, warnings={}, databaseEnabled=false, appActivity=.SplashActivity, pixelRatio=2.75, locationContextEnabled=false, deviceScreenDensity=440, deviceModel=POCO X2}]
Session ID: c8925c5e-a6ac-4f67-9b51-724b7b78d2f9
at org.openqa.selenium.remote.ErrorHandler.createThrowable(ErrorHandler.java:206)
at org.openqa.selenium.remote.ErrorHandler.throwIfResponseFailed(ErrorHandler.java:158)
at org.openqa.selenium.remote.RemoteWebDriver.execute(RemoteWebDriver.java:678)
at io.appium.java_client.DefaultGenericMobileDriver.execute(DefaultGenericMobileDriver.java:40)
at io.appium.java_client.AppiumDriver.execute(AppiumDriver.java:1)
at io.appium.java_client.android.AndroidDriver.execute(AndroidDriver.java:1)
at org.openqa.selenium.remote.RemoteWebElement.execute(RemoteWebElement.java:327)
at io.appium.java_client.DefaultGenericMobileElement.execute(DefaultGenericMobileElement.java:33)
at io.appium.java_client.MobileElement.execute(MobileElement.java:1)
at io.appium.java_client.android.AndroidElement.execute(AndroidElement.java:1)
at org.openqa.selenium.remote.RemoteWebElement.getText(RemoteWebElement.java:179)
at com.appium.VerifyProductAvailableInCart.verifyCart(VerifyProductAvailableInCart.java:41)
at java.base/java.util.ArrayList.forEach(ArrayList.java:1511)
... Removed 32 stack frames]]>
    </failure>
  </testcase> <!-- verifyCart -->
  <testcase classname="com.appium.VerifyProductAvailableInCart" name="verifyCart" time="47.711">
    <failure type="java.lang.NullPointerException" message="Cannot invoke &amp;quot;org.openqa.selenium.TakesScreenshot.getScreenshotAs(org.openqa.selenium.OutputType)&amp;quot; because &amp;quot;com.Web.TakeScreenshot.driver&amp;quot; is null">
      <![CDATA[java.lang.NullPointerException: Cannot invoke "org.openqa.selenium.TakesScreenshot.getScreenshotAs(org.openqa.selenium.OutputType)" because "com.Web.TakeScreenshot.driver" is null
at com.Web.TakeScreenshot.getscreenshot(TakeScreenshot.java:48)
at com.Web.ListenersApp.onTestFailure(ListenersApp.java:25)
at java.base/java.util.ArrayList.forEach(ArrayList.java:1511)
... Removed 24 stack frames]]>
    </failure>
  </testcase> <!-- verifyCart -->
</testsuite> <!-- Test -->
